<?xml version="1.0" encoding="UTF-8"?>
<testng-results skipped="0" failed="0" total="1" passed="1">
  <reporter-output>
  </reporter-output>
  <suite name="Default suite" duration-ms="10674" started-at="2020-07-05T13:42:06Z" finished-at="2020-07-05T13:42:17Z">
    <groups>
    </groups>
    <test name="Default test" duration-ms="10674" started-at="2020-07-05T13:42:06Z" finished-at="2020-07-05T13:42:17Z">
      <class name="LoginTest">
        <test-method status="PASS" signature="setup()[pri:0, instance:LoginTest@3101400c]" name="setup" is-config="true" duration-ms="9748" started-at="2020-07-05T19:12:06Z" finished-at="2020-07-05T19:12:16Z">
          <reporter-output>
          </reporter-output>
        </test-method> <!-- setup -->
        <test-method status="PASS" signature="doPageTitleTest()[pri:0, instance:LoginTest@3101400c]" name="doPageTitleTest" duration-ms="36" started-at="2020-07-05T19:12:16Z" finished-at="2020-07-05T19:12:16Z">
          <reporter-output>
          </reporter-output>
        </test-method> <!-- doPageTitleTest -->
        <test-method status="PASS" signature="tearDown()[pri:0, instance:LoginTest@3101400c]" name="tearDown" is-config="true" duration-ms="868" started-at="2020-07-05T19:12:16Z" finished-at="2020-07-05T19:12:17Z">
          <reporter-output>
          </reporter-output>
        </test-method> <!-- tearDown -->
      </class> <!-- LoginTest -->
    </test> <!-- Default test -->
  </suite> <!-- Default suite -->
</testng-results>
