<?xml version="1.0" encoding="UTF-8"?>
<testng-results skipped="0" failed="0" total="1" passed="1">
  <reporter-output>
  </reporter-output>
  <suite name="Default suite" duration-ms="21954" started-at="2020-07-31T08:07:25Z" finished-at="2020-07-31T08:07:47Z">
    <groups>
    </groups>
    <test name="Default test" duration-ms="21954" started-at="2020-07-31T08:07:25Z" finished-at="2020-07-31T08:07:47Z">
      <class name="LoginTest">
        <test-method status="PASS" signature="setup()[pri:0, instance:LoginTest@b65aae1]" name="setup" is-config="true" duration-ms="21055" started-at="2020-07-31T13:37:25Z" finished-at="2020-07-31T13:37:46Z">
          <reporter-output>
          </reporter-output>
        </test-method> <!-- setup -->
        <test-method status="PASS" signature="doPageTitleTest()[pri:0, instance:LoginTest@b65aae1]" name="doPageTitleTest" duration-ms="52" started-at="2020-07-31T13:37:46Z" finished-at="2020-07-31T13:37:46Z">
          <reporter-output>
          </reporter-output>
        </test-method> <!-- doPageTitleTest -->
        <test-method status="PASS" signature="tearDown()[pri:0, instance:LoginTest@b65aae1]" name="tearDown" is-config="true" duration-ms="822" started-at="2020-07-31T13:37:46Z" finished-at="2020-07-31T13:37:47Z">
          <reporter-output>
          </reporter-output>
        </test-method> <!-- tearDown -->
      </class> <!-- LoginTest -->
    </test> <!-- Default test -->
  </suite> <!-- Default suite -->
</testng-results>
